[Server] 2025/10/29 17:43:17 Event=ServerStartup Status=Success Port=5050
[Server] 2025/10/29 17:43:19 Event=ClientConnected ClientID=Soren LamportTime=2
[Server] 2025/10/29 17:43:19 Event=BroadcastJoin ClientID=Soren LamportTime=2
[Server] 2025/10/29 17:43:21 Event=MessageReceived ClientID=Soren LamportTime=5 Message=Hello everyone!
[Server] 2025/10/29 17:43:21 Event=MessageBroadcast ClientID=Soren LamportTime=5 Recipients=0
[Server] 2025/10/29 17:43:22 Event=ClientConnected ClientID=Peter LamportTime=6
[Server] 2025/10/29 17:43:22 Event=BroadcastJoin ClientID=Peter LamportTime=6
[Server] 2025/10/29 17:43:23 Event=MessageReceived ClientID=Soren LamportTime=9 Message=This is a test message
[Server] 2025/10/29 17:43:23 Event=MessageBroadcast ClientID=Soren LamportTime=9 Recipients=1
[Server] 2025/10/29 17:43:24 Event=MessageReceived ClientID=Peter LamportTime=12 Message=Hi Soren!
[Server] 2025/10/29 17:43:24 Event=MessageBroadcast ClientID=Peter LamportTime=12 Recipients=1
[Server] 2025/10/29 17:43:25 Event=ClientConnected ClientID=Carl LamportTime=13
[Server] 2025/10/29 17:43:25 Event=BroadcastJoin ClientID=Carl LamportTime=13
[Server] 2025/10/29 17:43:26 Event=ClientDisconnected ClientID=Soren LamportTime=14
[Server] 2025/10/29 17:43:26 Event=BroadcastLeave ClientID=Soren LamportTime=14
[Server] 2025/10/29 17:43:26 Event=MessageReceived ClientID=Peter LamportTime=17 Message=Nice to meet you
[Server] 2025/10/29 17:43:26 Event=MessageBroadcast ClientID=Peter LamportTime=17 Recipients=1
[Server] 2025/10/29 17:43:27 Event=MessageReceived ClientID=Carl LamportTime=20 Message=Hey everyone!
[Server] 2025/10/29 17:43:27 Event=MessageBroadcast ClientID=Carl LamportTime=20 Recipients=1
[Server] 2025/10/29 17:43:29 Event=ClientDisconnected ClientID=Peter LamportTime=21
[Server] 2025/10/29 17:43:29 Event=BroadcastLeave ClientID=Peter LamportTime=21
[Server] 2025/10/29 17:43:29 Event=MessageReceived ClientID=Carl LamportTime=24 Message=Great to be here
[Server] 2025/10/29 17:43:29 Event=MessageBroadcast ClientID=Carl LamportTime=24 Recipients=0
[Server] 2025/10/29 17:43:31 Event=ClientDisconnected ClientID=Carl LamportTime=25
[Server] 2025/10/29 17:43:31 Event=BroadcastLeave ClientID=Carl LamportTime=25
